2017-06-28 20:06:13:Adding post[642242792625276_751333758382845]:[ G√ÇTEAU MOJITO ]Ì†º..., current qsize: 1
2017-06-28 20:06:13:Adding post[642242792625276_752456501603904]:[ RISOTTO DE QUINOA ..., current qsize: 2
2017-06-28 20:06:13:Adding post[642242792625276_751300078386213]:[ PAVLOVA AUX FRAISE..., current qsize: 3
2017-06-28 20:06:13:Adding post[642242792625276_749493368566884]:[ TARTARE JAMBON MEL..., current qsize: 4
2017-06-28 20:06:13:Adding post[642242792625276_751290591720495]:[ SMOOTHIE BOWL MANG..., current qsize: 5
2017-06-28 20:06:13:Adding post[642242792625276_749877955195092]:[ SAMOUSSAS AU BOEUF..., current qsize: 6
2017-06-28 20:06:13:Adding post[642242792625276_749878345195053]:[ CHAUSSONS AUX POMM..., current qsize: 7
2017-06-28 20:06:13:Adding post[642242792625276_748911698625051]:[ MOJITO CONCOMBRE S..., current qsize: 8
2017-06-28 20:06:13:Adding post[642242792625276_748492008667020]:[ GLACE SANS SORBETI..., current qsize: 9
2017-06-28 20:06:13:Adding post[642242792625276_748021988714022]:[ KOUGLOF ]On a un..., current qsize: 10
2017-06-28 20:06:13:Adding post[642242792625276_748881475294740]:[ TABOUL√â ] ü•óUne ..., current qsize: 11
2017-06-28 20:06:13:Adding post[642242792625276_748021532047401]:[ APPLE PIE ]On me..., current qsize: 12
2017-06-28 20:06:13:Adding post[642242792625276_745766768939544]:[ CLAFOUTIS AUX CERI..., current qsize: 13
2017-06-28 20:06:13:Adding post[642242792625276_746619812187573]:[ GAUFRES PIZZA ]S..., current qsize: 14
2017-06-28 20:06:13:Adding post[642242792625276_747567342092820]:[ BROWNIE VEGAN ]U..., current qsize: 15
2017-06-28 20:06:13:Adding post[642242792625276_746611878855033]:[ FLAN AUX OEUFS ]..., current qsize: 16
2017-06-28 20:06:13:Adding post[642242792625276_744965102353044]:[ P√äCHE MELBA ]üç®L..., current qsize: 17
2017-06-28 20:06:13:Adding post[642242792625276_744914432358111]:[ BOULETTES MARGHERI..., current qsize: 18
2017-06-28 20:06:13:Adding post[642242792625276_744474922402062]:[ CARAMEL BEURRE SAL..., current qsize: 19
2017-06-28 20:06:13:Adding post[642242792625276_745656268950594]:[ TOMATES D'AMOUR ]..., current qsize: 20
2017-06-28 20:06:13:Adding post[642242792625276_744419589074262]:[ CHARLOTTE AUX FRAI..., current qsize: 21
2017-06-28 20:06:13:Adding post[642242792625276_743008325882055]:[ MERVEILLEUX AU CHO..., current qsize: 22
2017-06-28 20:06:13:Adding post[642242792625276_742988762550678]:[ GAUFRES BROWNIE ]..., current qsize: 23
2017-06-28 20:06:13:Adding post[642242792625276_743951925787695]:[ COURONNE DE PESTO ..., current qsize: 24
2017-06-28 20:06:13:Adding post[642242792625276_742981602551394]:[ CHEESECAKE AU SAUM..., current qsize: 25
2017-06-28 20:06:13:Adding post[642242792625276_742122432637311]:[ TOASTS PESTO PARME..., current qsize: 21
2017-06-28 20:06:13:Adding post[642242792625276_742114859304735]:[ CORNES DE GAZELLE ..., current qsize: 22
2017-06-28 20:06:13:Adding post[642242792625276_742007799315441]:[ TARTELETTES FRAMBO..., current qsize: 23
2017-06-28 20:06:13:Adding post[642242792625276_742031395979748]:[ CARBONARA D'AVOCAT..., current qsize: 24
2017-06-28 20:06:13:Adding post[642242792625276_741550739361147]:[ GRAVITY CAKE ]Un..., current qsize: 25
2017-06-28 20:06:13:Adding post[642242792625276_738584836324404]:[ STICKS DE FROMAGE ..., current qsize: 26
2017-06-28 20:06:13:Adding post[642242792625276_738542619661959]:[ BRIOUATS ]Des p√¢..., current qsize: 27
2017-06-28 20:06:13:Adding post[642242792625276_740433349472886]:[ TARTE AUX POIREAUX..., current qsize: 28
2017-06-28 20:06:13:Adding post[642242792625276_738531406329747]:[ FLEURS KNACKIS ]..., current qsize: 29
2017-06-28 20:06:13:Adding post[642242792625276_738081109708110]:[ TOASTS RILLETTES C..., current qsize: 30
2017-06-28 20:06:13:Adding post[642242792625276_738059489710272]:[ SANDWICH CAKE ]U..., current qsize: 31
2017-06-28 20:06:13:Adding post[642242792625276_737999529716268]:[ MOUSSE DE FRAMBOIS..., current qsize: 32
2017-06-28 20:06:13:Adding post[642242792625276_738443086338579]:[ GASPACHO ANDALOU ]..., current qsize: 33
2017-06-28 20:06:13:The post 642242792625276_738011899715031 has been skipped. An exception of type KeyError occurred. Arguments:('message',)
2017-06-28 20:06:13:Adding post[642242792625276_737972536385634]:[ CANNOLI CR√àME P√ÇTI..., current qsize: 34
2017-06-28 20:06:13:Adding post[642242792625276_737541439762077]:[G√ÇTEAU MAGIQUE]Met..., current qsize: 35
2017-06-28 20:06:13:Adding post[642242792625276_736207769895444]:[ FLAN P√ÇTISSIER ]..., current qsize: 36
2017-06-28 20:06:13:Adding post[642242792625276_737063723143182]:[ CHAMPIGNONS FARCIS..., current qsize: 37
2017-06-28 20:06:13:Adding post[642242792625276_736206473228907]:[ TORSADES PESTO PAR..., current qsize: 38
2017-06-28 20:06:13:Adding post[642242792625276_734664833383071]:[ SOUPE HARIRA ]Po..., current qsize: 39
2017-06-28 20:06:13:Adding post[642242792625276_734633740052847]:[ COOKIE JAR ]üéÅUn..., current qsize: 40
2017-06-28 20:06:13:The post 642242792625276_735240836658804 has been skipped. An exception of type KeyError occurred. Arguments:('message',)
2017-06-28 20:06:13:Adding post[642242792625276_735235829992638]:[ ROULEAUX DE PRINTE..., current qsize: 41
2017-06-28 20:06:13:Adding post[642242792625276_734625730053648]:[ ROSES DES SABLES ]..., current qsize: 42
2017-06-28 20:06:13:Adding post[642242792625276_734063986776489]:[ TOURTE BURGER ]Ì†º..., current qsize: 43
2017-06-28 20:06:13:Adding post[642242792625276_733952490120972]:[ VIANDE DES GRISONS..., current qsize: 44
2017-06-28 20:06:13:Adding post[642242792625276_732489783600576]:[ CROISSANTS AUX AMA..., current qsize: 45
2017-06-28 20:06:13:Adding post[642242792625276_733432480172973]:[ ROSES DE CAROTTE ]..., current qsize: 46
2017-06-28 20:06:13:Adding post[642242792625276_732473146935573]:[ BONBONS DE CH√àVRE ..., current qsize: 47
2017-06-28 20:06:13:Adding post[642242792625276_731915226991365]:[ TOASTS ROQUEFORT N..., current qsize: 48
2017-06-28 20:06:13:Adding post[642242792625276_732043036978584]:[ HAMBURGER V√âG√âTARI..., current qsize: 49
2017-06-28 20:06:13:Adding post[642242792625276_731863553663199]:[ TARTELETTES CHOCOL..., current qsize: 50
2017-06-28 20:06:13:Adding post[642242792625276_731004347082453]:[ WRAPS PAIN DE MIE ..., current qsize: 51
2017-06-28 20:06:16:Adding comment[751300078386213_752176848298536] to the queue, current qsize: 1
2017-06-28 20:06:16:Adding comment[751300078386213_752432014939686] to the queue, current qsize: 2
2017-06-28 20:06:20:Finishing post[642242792625276_751290591720495]:[ SMOOTHIE BOWL MANG..., 24 comments analyzed
